12 0.505 1.0
12 0.7525 1.0
12 0.87625 1.0
12 0.938125 1.0
12 0.9690624999999999 1.0
12 0.9690624999999999 0.98453125
12 0.976796875 0.98453125
12 0.9806640625 0.98453125
12 0.9825976562500001 0.98453125
12 0.9825976562500001 0.9835644531250001
12 0.9825976562500001 0.9830810546875001
12 0.9825976562500001 0.98283935546875
12 0.982718505859375 0.98283935546875
12 0.9827789306640625 0.98283935546875
12 0.9827789306640625 0.9828091430664063
12 0.9827789306640625 0.9827940368652344
12 0.9827864837646485 0.9827940368652344
12 0.9827902603149414 0.9827940368652344
12 0.9827921485900879 0.9827940368652344
12 0.9827921485900879 0.9827930927276611
12 0.9827921485900879 0.9827926206588745
12 0.9827921485900879 0.9827923846244813
12 0.9827922666072846 0.9827923846244813
11 0.505 1.0
11 0.7525 1.0
11 0.87625 1.0
11 0.938125 1.0
11 0.9690624999999999 1.0
11 0.98453125 1.0
11 0.9922656249999999 1.0
11 0.9961328125 1.0
11 0.99806640625 1.0
11 0.999033203125 1.0
11 0.9995166015625 1.0
11 0.99975830078125 1.0
11 0.999879150390625 1.0
11 0.9999395751953125 1.0
11 0.9999697875976563 1.0
11 0.9999848937988282 1.0
11 0.9999924468994141 1.0
11 0.9999962234497071 1.0
11 0.9999981117248535 1.0
11 0.9999981117248535 0.9999990558624268
11 0.9999985837936402 0.9999990558624268
10 0.505 1.0
10 0.7525 1.0
10 0.87625 1.0
10 0.938125 1.0
10 0.9690624999999999 1.0
10 0.98453125 1.0
10 0.9922656249999999 1.0
10 0.9961328125 1.0
10 0.99806640625 1.0
10 0.999033203125 1.0
10 0.9995166015625 1.0
10 0.99975830078125 1.0
10 0.999879150390625 1.0
10 0.9999395751953125 1.0
10 0.9999697875976563 1.0
10 0.9999848937988282 1.0
10 0.9999924468994141 1.0
10 0.9999962234497071 1.0
10 0.9999981117248535 1.0
10 0.9999981117248535 0.9999990558624268
10 0.9999985837936402 0.9999990558624268
10 0.9999988198280334 0.9999990558624268
10 0.9999989378452301 0.9999990558624268
10 0.9999989968538284 0.9999990558624268
10 0.9999989968538284 0.9999990263581275
10 0.9999989968538284 0.999999011605978
10 0.9999989968538284 0.9999990042299032
10 0.9999989968538284 0.9999990005418657
10 0.999998998697847 0.9999990005418657
10 0.9999989996198564 0.9999990005418657
10 0.9999989996198564 0.9999990000808611
10 0.9999989998503587 0.9999990000808611
10 0.9999989999656098 0.9999990000808611
10 0.9999989999656098 0.9999990000232355
10 0.9999989999944227 0.9999990000232355
10 0.9999989999944227 0.999999000008829
10 0.9999989999944227 0.9999990000016259
10 0.9999989999980243 0.9999990000016259
10 0.9999989999998251 0.9999990000016259
10 0.9999989999998251 0.9999990000007255
10 0.9999989999998251 0.9999990000002753
10 0.9999989999998251 0.9999990000000503
10 0.9999989999999377 0.9999990000000503
10 0.999998999999994 0.9999990000000503
10 0.999998999999994 0.9999990000000221
10 0.999998999999994 0.9999990000000081
10 0.999998999999994 0.999999000000001
10 0.9999989999999974 0.999999000000001
10 0.9999989999999992 0.999999000000001
10 0.9999989999999992 0.9999990000000001
10 0.9999989999999996 0.9999990000000001
9 0.505 1.0
9 0.7525 1.0
9 0.87625 1.0
9 0.938125 1.0
9 0.9690624999999999 1.0
9 0.98453125 1.0
9 0.9922656249999999 1.0
9 0.9961328125 1.0
9 0.99806640625 1.0
9 0.999033203125 1.0
9 0.9995166015625 1.0
9 0.99975830078125 1.0
9 0.999879150390625 1.0
9 0.9999395751953125 1.0
9 0.9999697875976563 1.0
9 0.9999848937988282 1.0
9 0.9999924468994141 1.0
9 0.9999962234497071 1.0
9 0.9999981117248535 1.0
9 0.9999981117248535 0.9999990558624268
9 0.9999985837936402 0.9999990558624268
9 0.9999988198280334 0.9999990558624268
9 0.9999989378452301 0.9999990558624268
9 0.9999989968538284 0.9999990558624268
9 0.9999989968538284 0.9999990263581275
9 0.9999989968538284 0.999999011605978
9 0.9999989968538284 0.9999990042299032
9 0.9999989968538284 0.9999990005418657
9 0.999998998697847 0.9999990005418657
9 0.9999989996198564 0.9999990005418657
9 0.9999989996198564 0.9999990000808611
9 0.9999989998503587 0.9999990000808611
9 0.9999989999656098 0.9999990000808611
9 0.9999989999656098 0.9999990000232355
9 0.9999989999944227 0.9999990000232355
9 0.9999989999944227 0.999999000008829
9 0.9999989999944227 0.9999990000016259
9 0.9999989999980243 0.9999990000016259
9 0.9999989999998251 0.9999990000016259
9 0.9999989999998251 0.9999990000007255
9 0.9999989999998251 0.9999990000002753
9 0.9999989999998251 0.9999990000000503
9 0.9999989999999377 0.9999990000000503
9 0.999998999999994 0.9999990000000503
9 0.999998999999994 0.9999990000000221
9 0.999998999999994 0.9999990000000081
9 0.999998999999994 0.999999000000001
9 0.9999989999999974 0.999999000000001
9 0.9999989999999992 0.999999000000001
9 0.9999989999999992 0.9999990000000001
9 0.9999989999999996 0.9999990000000001
8 0.505 1.0
8 0.7525 1.0
8 0.87625 1.0
8 0.938125 1.0
8 0.9690624999999999 1.0
8 0.98453125 1.0
8 0.9922656249999999 1.0
8 0.9961328125 1.0
8 0.99806640625 1.0
8 0.999033203125 1.0
8 0.9995166015625 1.0
8 0.99975830078125 1.0
8 0.999879150390625 1.0
8 0.9999395751953125 1.0
8 0.9999697875976563 1.0
8 0.9999848937988282 1.0
8 0.9999924468994141 1.0
8 0.9999962234497071 1.0
8 0.9999981117248535 1.0
8 0.9999981117248535 0.9999990558624268
8 0.9999985837936402 0.9999990558624268
8 0.9999988198280334 0.9999990558624268
8 0.9999989378452301 0.9999990558624268
8 0.9999989968538284 0.9999990558624268
8 0.9999989968538284 0.9999990263581275
8 0.9999989968538284 0.999999011605978
8 0.9999989968538284 0.9999990042299032
8 0.9999989968538284 0.9999990005418657
8 0.999998998697847 0.9999990005418657
8 0.9999989996198564 0.9999990005418657
8 0.9999989996198564 0.9999990000808611
8 0.9999989998503587 0.9999990000808611
8 0.9999989999656098 0.9999990000808611
8 0.9999989999656098 0.9999990000232355
8 0.9999989999944227 0.9999990000232355
8 0.9999989999944227 0.999999000008829
8 0.9999989999944227 0.9999990000016259
8 0.9999989999980243 0.9999990000016259
8 0.9999989999998251 0.9999990000016259
8 0.9999989999998251 0.9999990000007255
8 0.9999989999998251 0.9999990000002753
8 0.9999989999998251 0.9999990000000503
8 0.9999989999999377 0.9999990000000503
8 0.999998999999994 0.9999990000000503
8 0.999998999999994 0.9999990000000221
8 0.999998999999994 0.9999990000000081
8 0.999998999999994 0.999999000000001
8 0.9999989999999974 0.999999000000001
8 0.9999989999999992 0.999999000000001
8 0.9999989999999992 0.9999990000000001
8 0.9999989999999996 0.9999990000000001
7 0.505 1.0
7 0.7525 1.0
7 0.87625 1.0
7 0.938125 1.0
7 0.9690624999999999 1.0
7 0.98453125 1.0
7 0.9922656249999999 1.0
7 0.9961328125 1.0
7 0.99806640625 1.0
7 0.999033203125 1.0
7 0.9995166015625 1.0
7 0.99975830078125 1.0
7 0.999879150390625 1.0
7 0.9999395751953125 1.0
7 0.9999697875976563 1.0
7 0.9999848937988282 1.0
7 0.9999924468994141 1.0
7 0.9999962234497071 1.0
7 0.9999981117248535 1.0
7 0.9999981117248535 0.9999990558624268
7 0.9999985837936402 0.9999990558624268
7 0.9999988198280334 0.9999990558624268
7 0.9999989378452301 0.9999990558624268
7 0.9999989968538284 0.9999990558624268
7 0.9999989968538284 0.9999990263581275
7 0.9999989968538284 0.999999011605978
7 0.9999989968538284 0.9999990042299032
7 0.9999989968538284 0.9999990005418657
7 0.999998998697847 0.9999990005418657
7 0.9999989996198564 0.9999990005418657
7 0.9999989996198564 0.9999990000808611
7 0.9999989998503587 0.9999990000808611
7 0.9999989999656098 0.9999990000808611
7 0.9999989999656098 0.9999990000232355
7 0.9999989999944227 0.9999990000232355
7 0.9999989999944227 0.999999000008829
7 0.9999989999944227 0.9999990000016259
7 0.9999989999980243 0.9999990000016259
7 0.9999989999998251 0.9999990000016259
7 0.9999989999998251 0.9999990000007255
7 0.9999989999998251 0.9999990000002753
7 0.9999989999998251 0.9999990000000503
7 0.9999989999999377 0.9999990000000503
7 0.999998999999994 0.9999990000000503
7 0.999998999999994 0.9999990000000221
7 0.999998999999994 0.9999990000000081
7 0.999998999999994 0.999999000000001
7 0.9999989999999974 0.999999000000001
7 0.9999989999999992 0.999999000000001
7 0.9999989999999992 0.9999990000000001
7 0.9999989999999996 0.9999990000000001
6 0.505 1.0
6 0.7525 1.0
6 0.87625 1.0
6 0.938125 1.0
6 0.9690624999999999 1.0
6 0.98453125 1.0
6 0.9922656249999999 1.0
6 0.9961328125 1.0
6 0.99806640625 1.0
6 0.999033203125 1.0
6 0.9995166015625 1.0
6 0.99975830078125 1.0
6 0.999879150390625 1.0
6 0.9999395751953125 1.0
6 0.9999697875976563 1.0
6 0.9999848937988282 1.0
6 0.9999924468994141 1.0
6 0.9999962234497071 1.0
6 0.9999981117248535 1.0
6 0.9999981117248535 0.9999990558624268
6 0.9999985837936402 0.9999990558624268
6 0.9999988198280334 0.9999990558624268
6 0.9999989378452301 0.9999990558624268
6 0.9999989968538284 0.9999990558624268
6 0.9999989968538284 0.9999990263581275
6 0.9999989968538284 0.999999011605978
6 0.9999989968538284 0.9999990042299032
6 0.9999989968538284 0.9999990005418657
6 0.999998998697847 0.9999990005418657
6 0.9999989996198564 0.9999990005418657
6 0.9999989996198564 0.9999990000808611
6 0.9999989998503587 0.9999990000808611
6 0.9999989999656098 0.9999990000808611
6 0.9999989999656098 0.9999990000232355
6 0.9999989999944227 0.9999990000232355
6 0.9999989999944227 0.999999000008829
6 0.9999989999944227 0.9999990000016259
6 0.9999989999980243 0.9999990000016259
6 0.9999989999998251 0.9999990000016259
6 0.9999989999998251 0.9999990000007255
6 0.9999989999998251 0.9999990000002753
6 0.9999989999998251 0.9999990000000503
6 0.9999989999999377 0.9999990000000503
6 0.999998999999994 0.9999990000000503
6 0.999998999999994 0.9999990000000221
6 0.999998999999994 0.9999990000000081
6 0.999998999999994 0.999999000000001
6 0.9999989999999974 0.999999000000001
6 0.9999989999999992 0.999999000000001
6 0.9999989999999992 0.9999990000000001
6 0.9999989999999996 0.9999990000000001
5 0.505 1.0
5 0.7525 1.0
5 0.87625 1.0
5 0.938125 1.0
5 0.9690624999999999 1.0
5 0.98453125 1.0
5 0.9922656249999999 1.0
5 0.9961328125 1.0
5 0.99806640625 1.0
5 0.999033203125 1.0
5 0.9995166015625 1.0
5 0.99975830078125 1.0
5 0.999879150390625 1.0
5 0.9999395751953125 1.0
5 0.9999697875976563 1.0
5 0.9999848937988282 1.0
5 0.9999924468994141 1.0
5 0.9999962234497071 1.0
5 0.9999981117248535 1.0
5 0.9999981117248535 0.9999990558624268
5 0.9999985837936402 0.9999990558624268
5 0.9999988198280334 0.9999990558624268
5 0.9999989378452301 0.9999990558624268
5 0.9999989968538284 0.9999990558624268
5 0.9999989968538284 0.9999990263581275
5 0.9999989968538284 0.999999011605978
5 0.9999989968538284 0.9999990042299032
5 0.9999989968538284 0.9999990005418657
5 0.999998998697847 0.9999990005418657
5 0.9999989996198564 0.9999990005418657
5 0.9999989996198564 0.9999990000808611
5 0.9999989998503587 0.9999990000808611
5 0.9999989999656098 0.9999990000808611
5 0.9999989999656098 0.9999990000232355
5 0.9999989999944227 0.9999990000232355
5 0.9999989999944227 0.999999000008829
5 0.9999989999944227 0.9999990000016259
5 0.9999989999980243 0.9999990000016259
5 0.9999989999998251 0.9999990000016259
5 0.9999989999998251 0.9999990000007255
5 0.9999989999998251 0.9999990000002753
5 0.9999989999998251 0.9999990000000503
5 0.9999989999999377 0.9999990000000503
5 0.999998999999994 0.9999990000000503
5 0.999998999999994 0.9999990000000221
5 0.999998999999994 0.9999990000000081
5 0.999998999999994 0.999999000000001
5 0.9999989999999974 0.999999000000001
5 0.9999989999999992 0.999999000000001
5 0.9999989999999992 0.9999990000000001
5 0.9999989999999996 0.9999990000000001
4 0.505 1.0
4 0.7525 1.0
4 0.87625 1.0
4 0.938125 1.0
4 0.9690624999999999 1.0
4 0.98453125 1.0
4 0.9922656249999999 1.0
4 0.9961328125 1.0
4 0.99806640625 1.0
4 0.999033203125 1.0
4 0.9995166015625 1.0
4 0.99975830078125 1.0
4 0.999879150390625 1.0
4 0.9999395751953125 1.0
4 0.9999697875976563 1.0
4 0.9999848937988282 1.0
4 0.9999924468994141 1.0
4 0.9999962234497071 1.0
4 0.9999981117248535 1.0
4 0.9999981117248535 0.9999990558624268
4 0.9999985837936402 0.9999990558624268
4 0.9999988198280334 0.9999990558624268
4 0.9999989378452301 0.9999990558624268
4 0.9999989968538284 0.9999990558624268
4 0.9999989968538284 0.9999990263581275
4 0.9999989968538284 0.999999011605978
4 0.9999989968538284 0.9999990042299032
4 0.9999989968538284 0.9999990005418657
4 0.999998998697847 0.9999990005418657
4 0.9999989996198564 0.9999990005418657
4 0.9999989996198564 0.9999990000808611
4 0.9999989998503587 0.9999990000808611
4 0.9999989999656098 0.9999990000808611
4 0.9999989999656098 0.9999990000232355
4 0.9999989999944227 0.9999990000232355
4 0.9999989999944227 0.999999000008829
4 0.9999989999944227 0.9999990000016259
4 0.9999989999980243 0.9999990000016259
4 0.9999989999998251 0.9999990000016259
4 0.9999989999998251 0.9999990000007255
4 0.9999989999998251 0.9999990000002753
4 0.9999989999998251 0.9999990000000503
4 0.9999989999999377 0.9999990000000503
4 0.999998999999994 0.9999990000000503
4 0.999998999999994 0.9999990000000221
4 0.999998999999994 0.9999990000000081
4 0.999998999999994 0.999999000000001
4 0.9999989999999974 0.999999000000001
4 0.9999989999999992 0.999999000000001
4 0.9999989999999992 0.9999990000000001
4 0.9999989999999996 0.9999990000000001
3 0.505 1.0
3 0.7525 1.0
3 0.87625 1.0
3 0.938125 1.0
3 0.9690624999999999 1.0
3 0.98453125 1.0
3 0.9922656249999999 1.0
3 0.9961328125 1.0
3 0.99806640625 1.0
3 0.999033203125 1.0
3 0.9995166015625 1.0
3 0.99975830078125 1.0
3 0.999879150390625 1.0
3 0.9999395751953125 1.0
3 0.9999697875976563 1.0
3 0.9999848937988282 1.0
3 0.9999924468994141 1.0
3 0.9999962234497071 1.0
3 0.9999981117248535 1.0
3 0.9999981117248535 0.9999990558624268
3 0.9999985837936402 0.9999990558624268
3 0.9999988198280334 0.9999990558624268
3 0.9999989378452301 0.9999990558624268
3 0.9999989968538284 0.9999990558624268
3 0.9999989968538284 0.9999990263581275
3 0.9999989968538284 0.999999011605978
3 0.9999989968538284 0.9999990042299032
3 0.9999989968538284 0.9999990005418657
3 0.999998998697847 0.9999990005418657
3 0.9999989996198564 0.9999990005418657
3 0.9999989996198564 0.9999990000808611
3 0.9999989998503587 0.9999990000808611
3 0.9999989999656098 0.9999990000808611
3 0.9999989999656098 0.9999990000232355
3 0.9999989999944227 0.9999990000232355
3 0.9999989999944227 0.999999000008829
3 0.9999989999944227 0.9999990000016259
3 0.9999989999980243 0.9999990000016259
3 0.9999989999998251 0.9999990000016259
3 0.9999989999998251 0.9999990000007255
3 0.9999989999998251 0.9999990000002753
3 0.9999989999998251 0.9999990000000503
3 0.9999989999999377 0.9999990000000503
3 0.999998999999994 0.9999990000000503
3 0.999998999999994 0.9999990000000221
3 0.999998999999994 0.9999990000000081
3 0.999998999999994 0.999999000000001
3 0.9999989999999974 0.999999000000001
3 0.9999989999999992 0.999999000000001
3 0.9999989999999992 0.9999990000000001
3 0.9999989999999996 0.9999990000000001
2 0.505 1.0
2 0.7525 1.0
2 0.87625 1.0
2 0.938125 1.0
2 0.9690624999999999 1.0
2 0.98453125 1.0
2 0.9922656249999999 1.0
2 0.9961328125 1.0
2 0.99806640625 1.0
2 0.999033203125 1.0
2 0.9995166015625 1.0
2 0.99975830078125 1.0
2 0.999879150390625 1.0
2 0.9999395751953125 1.0
2 0.9999697875976563 1.0
2 0.9999848937988282 1.0
2 0.9999924468994141 1.0
2 0.9999962234497071 1.0
2 0.9999981117248535 1.0
2 0.9999981117248535 0.9999990558624268
2 0.9999985837936402 0.9999990558624268
2 0.9999988198280334 0.9999990558624268
2 0.9999989378452301 0.9999990558624268
2 0.9999989968538284 0.9999990558624268
2 0.9999989968538284 0.9999990263581275
2 0.9999989968538284 0.999999011605978
2 0.9999989968538284 0.9999990042299032
2 0.9999989968538284 0.9999990005418657
2 0.999998998697847 0.9999990005418657
2 0.9999989996198564 0.9999990005418657
2 0.9999989996198564 0.9999990000808611
2 0.9999989998503587 0.9999990000808611
2 0.9999989999656098 0.9999990000808611
2 0.9999989999656098 0.9999990000232355
2 0.9999989999944227 0.9999990000232355
2 0.9999989999944227 0.999999000008829
2 0.9999989999944227 0.9999990000016259
2 0.9999989999980243 0.9999990000016259
2 0.9999989999998251 0.9999990000016259
2 0.9999989999998251 0.9999990000007255
2 0.9999989999998251 0.9999990000002753
2 0.9999989999998251 0.9999990000000503
2 0.9999989999999377 0.9999990000000503
2 0.999998999999994 0.9999990000000503
2 0.999998999999994 0.9999990000000221
2 0.999998999999994 0.9999990000000081
2 0.999998999999994 0.999999000000001
2 0.9999989999999974 0.999999000000001
2 0.9999989999999992 0.999999000000001
2 0.9999989999999992 0.9999990000000001
2 0.9999989999999996 0.9999990000000001
1 0.505 1.0
1 0.7525 1.0
1 0.87625 1.0
1 0.938125 1.0
1 0.9690624999999999 1.0
1 0.98453125 1.0
1 0.9922656249999999 1.0
1 0.9961328125 1.0
1 0.99806640625 1.0
1 0.999033203125 1.0
1 0.9995166015625 1.0
1 0.99975830078125 1.0
1 0.999879150390625 1.0
1 0.9999395751953125 1.0
1 0.9999697875976563 1.0
1 0.9999848937988282 1.0
1 0.9999924468994141 1.0
1 0.9999962234497071 1.0
1 0.9999981117248535 1.0
1 0.9999990558624268 1.0
{12: 0.9827922666072846, 11: 0.9999985837936402, 1: 1}
Estimated Box-counting Dimension: 143.1716
